Xft.autohint: 0
Xft.lcdfilter: lcddefault
Xft.hintstyle: hintslight
Xft.hinting: 1
Xft.antialias: 1
Xft.rgba: rgb
Xft.dpi: 92
*askpass*background: #000000
URxvt.cursorBlink: false
URxvt.geometry: 80x22
URxvt.borderLess: false
URxvt*urgentOnBell: true
URxvt.internalBorder: 1
URxvt.scrollBar_right: false
URxvt.scrollBar: false
URxvt.iso14755: true
URxvt.iso14755_52: false
URxvt.transparent: false
URxvt.insecure: false
URxvt*scrollTtyKeypress: false
URxvt*saveLines: 2048
URxvt*skipBuiltinGlyphs: true
URxvt.perl-ext-common: default,matcher,font-size
URxvt.url-launcher: firefox
URxvt.matcher.pattern.1: \\bwww\\.[\\w-]\\.[\\w./?&@#-]*[\\w/-]
URxvt.keysym.M-S-Insert: perl:matcher:last
URxvt.keysym.M-Insert: perl:matcher:list
URxvt.keysym.C-M-Up: perl:font-size:increase
URxvt.keysym.C-M-Down: perl:font-size:decrease
URxvt.keysym.C-M-S-Up: perl:font-size:incglobal
URxvt.keysym.C-M-S-Down: perl:font-size:decglobal
rofi.color-enabled: true
rofi.show-icons: true
rofi.color-normal: #00000000, #ffffff, #aa000000, #f2f2ff, #000000
rofi.color-urgent: #00000000, #ffffff, #aa000000, #f2f2ff, #000000
rofi.color-active: #00000000, #cccccc, #aa000000, #000000, #aaaaaa
rofi.color-window: #aa000000, #aa222222
rofi.terminal: urxvt
rofi.location: 0
rofi.padding: 30
rofi.separator-style: solid
rofi.threads: 0
rofi.lines: 10
rofi.fixed-num-lines: true
rofi.eh: 1
rofi.bw: 0
rofi.hide-scrollbar: true
rofi.font: DejaVu Sans 14
rofi.fullscreen: false
rofi.modi: combi,drun,window,windowcd,run,ssh,keys
*background: #1D1F21
*foreground: #C5C8C6
*color0: #282A2E
*color8: #373B41
*color1: #AC4142
*color9: #CC6666
*color2: #90A959
*color10: #B5BD68
*color3: #DE935F
*color11: #F0C674
*color4: #6A9FB5
*color12: #81A2BE
*color5: #AA759F
*color13: #B294BB
*color6: #75B5AA
*color14: #8ABEB7
*color7: #707880
*color15: #C5C8C6
Xautolock.corners: -+++
Xautolock.cornerdelay: 600
Xautolock.time: 5
Xautolock.notify: 15
*askpass*background: #000000
URxvt.cursorColor: #5E468C
URxvt*depth: 32
URxvt*background: [90]#000000
